<?xml version="1.0" encoding="UTF-8"?>
<!-- Generated by org.testng.reporters.JUnitXMLReporter -->
<testsuite ignored="0" hostname="LAPTOP-FQOSIE6M" failures="0" tests="4" name="Default test" time="48.051" errors="0" timestamp="2023-01-24T20:52:58 CST">
  <testcase classname="TestNGUsingTestCases.seggregatedAppTest" name="verifyDropdownList" time="4.017"/>
  <testcase classname="TestNGUsingTestCases.seggregatedAppTest" name="verifyTitlePage" time="0.132"/>
  <testcase classname="TestNGUsingTestCases.seggregatedAppTest" name="loginApp" time="12.685"/>
  <testcase classname="TestNGUsingTestCases.seggregatedAppTest" name="flightSearchCalendarBased" time="13.972"/>
</testsuite> <!-- Default test -->
